s:\大三下\c++\cw\cw3\cppcoursework2019-v28\debug\courseworkbase2018.bsc
s:\大三下\c++\cw\cw3\cppcoursework2019-v28\debug\vc141.pdb
s:\大三下\c++\cw\cw3\cppcoursework2019-v28\debug\vc141.idb
s:\大三下\c++\cw\cw3\cppcoursework2019-v28\debug\draggingdemo.sbr
s:\大三下\c++\cw\cw3\cppcoursework2019-v28\debug\drawingsurface.sbr
s:\大三下\c++\cw\cw3\cppcoursework2019-v28\debug\imageobjectdemo.sbr
s:\大三下\c++\cw\cw3\cppcoursework2019-v28\debug\mainfunction.sbr
s:\大三下\c++\cw\cw3\cppcoursework2019-v28\debug\baseengine.sbr
s:\大三下\c++\cw\cw3\cppcoursework2019-v28\debug\displayableobject.sbr
s:\大三下\c++\cw\cw3\cppcoursework2019-v28\debug\fontmanager.sbr
s:\大三下\c++\cw\cw3\cppcoursework2019-v28\debug\images.sbr
s:\大三下\c++\cw\cw3\cppcoursework2019-v28\debug\jasonsdemoa.sbr
s:\大三下\c++\cw\cw3\cppcoursework2019-v28\debug\jasonsobjecta.sbr
s:\大三下\c++\cw\cw3\cppcoursework2019-v28\debug\jasonstilemanager.sbr
s:\大三下\c++\cw\cw3\cppcoursework2019-v28\debug\mydemoa.sbr
s:\大三下\c++\cw\cw3\cppcoursework2019-v28\debug\playingcardsdemo.sbr
s:\大三下\c++\cw\cw3\cppcoursework2019-v28\debug\rawimage.sbr
s:\大三下\c++\cw\cw3\cppcoursework2019-v28\debug\simpledemo.sbr
s:\大三下\c++\cw\cw3\cppcoursework2019-v28\debug\tilemanager.sbr
s:\大三下\c++\cw\cw3\cppcoursework2019-v28\debug\bouncingball.sbr
s:\大三下\c++\cw\cw3\cppcoursework2019-v28\debug\bouncingballmain.sbr
s:\大三下\c++\cw\cw3\cppcoursework2019-v28\debug\zoomingdemo.sbr
s:\大三下\c++\cw\cw3\cppcoursework2019-v28\debug\zoomingdemo.obj
s:\大三下\c++\cw\cw3\cppcoursework2019-v28\debug\bouncingballmain.obj
s:\大三下\c++\cw\cw3\cppcoursework2019-v28\debug\bouncingball.obj
s:\大三下\c++\cw\cw3\cppcoursework2019-v28\debug\tilemanager.obj
s:\大三下\c++\cw\cw3\cppcoursework2019-v28\debug\simpledemo.obj
s:\大三下\c++\cw\cw3\cppcoursework2019-v28\debug\rawimage.obj
s:\大三下\c++\cw\cw3\cppcoursework2019-v28\debug\playingcardsdemo.obj
s:\大三下\c++\cw\cw3\cppcoursework2019-v28\debug\mydemoa.obj
s:\大三下\c++\cw\cw3\cppcoursework2019-v28\debug\jasonstilemanager.obj
s:\大三下\c++\cw\cw3\cppcoursework2019-v28\debug\jasonsobjecta.obj
s:\大三下\c++\cw\cw3\cppcoursework2019-v28\debug\jasonsdemoa.obj
s:\大三下\c++\cw\cw3\cppcoursework2019-v28\debug\images.obj
s:\大三下\c++\cw\cw3\cppcoursework2019-v28\debug\fontmanager.obj
s:\大三下\c++\cw\cw3\cppcoursework2019-v28\debug\displayableobject.obj
s:\大三下\c++\cw\cw3\cppcoursework2019-v28\debug\baseengine.obj
s:\大三下\c++\cw\cw3\cppcoursework2019-v28\debug\imageobjectdemo.obj
s:\大三下\c++\cw\cw3\cppcoursework2019-v28\debug\drawingsurface.obj
s:\大三下\c++\cw\cw3\cppcoursework2019-v28\debug\draggingdemo.obj
s:\大三下\c++\cw\cw3\cppcoursework2019-v28\debug\
s:\大三下\c++\cw\cw3\cppcoursework2019-v28\debug\mazedemomain.sbr
s:\大三下\c++\cw\cw3\cppcoursework2019-v28\debug\mazedemoobject.sbr
s:\大三下\c++\cw\cw3\cppcoursework2019-v28\debug\mazedemotilemanager.sbr
s:\大三下\c++\cw\cw3\cppcoursework2019-v28\debug\mazedemotilemanager.obj
s:\大三下\c++\cw\cw3\cppcoursework2019-v28\debug\mazedemoobject.obj
s:\大三下\c++\cw\cw3\cppcoursework2019-v28\debug\mazedemomain.obj
s:\大三下\c++\cw\cw3\cppcoursework2019-v28\debug\courseworkbase2018.ilk
s:\大三下\c++\cw\cw3\cppcoursework2019-v28\debug\courseworkbase2018.exe
s:\大三下\c++\cw\cw3\cppcoursework2019-v28\src\map
s:\大三下\c++\cw\cw3\cppcoursework2019-v28\debug\courseworkbase2018.pdb
s:\大三下\c++\cw\cw3\cppcoursework2019-v28\debug\mainfunction.obj
s:\大三下\c++\cw\cw3\cppcoursework2019-v28\/debug\courseworkbase2018.pdb
s:\大三下\c++\cw\cw3\cppcoursework2019-v28\/debug\courseworkbase2018.exe
s:\大三下\c++\cw\cw3\cppcoursework2019-v28\/debug\courseworkbase2018.bsc
s:\大三下\c++\cw\cw3\cppcoursework2019-v28\/debug\courseworkbase2018.ilk
s:\大三下\c++\cw\cw3\cppcoursework2019-v28\debug\coursewo.63f64093.tlog\bscmake.command.1.tlog
s:\大三下\c++\cw\cw3\cppcoursework2019-v28\debug\coursewo.63f64093.tlog\bscmake.read.1.tlog
s:\大三下\c++\cw\cw3\cppcoursework2019-v28\debug\coursewo.63f64093.tlog\bscmake.write.1.tlog
s:\大三下\c++\cw\cw3\cppcoursework2019-v28\debug\coursewo.63f64093.tlog\cl.command.1.tlog
s:\大三下\c++\cw\cw3\cppcoursework2019-v28\debug\coursewo.63f64093.tlog\cl.read.1.tlog
s:\大三下\c++\cw\cw3\cppcoursework2019-v28\debug\coursewo.63f64093.tlog\cl.write.1.tlog
s:\大三下\c++\cw\cw3\cppcoursework2019-v28\debug\coursewo.63f64093.tlog\link.command.1.tlog
s:\大三下\c++\cw\cw3\cppcoursework2019-v28\debug\coursewo.63f64093.tlog\link.read.1.tlog
s:\大三下\c++\cw\cw3\cppcoursework2019-v28\debug\coursewo.63f64093.tlog\link.write.1.tlog
