s:\大三下\c++\c++inclass\inclass\inclass\debug\vc141.pdb
s:\大三下\c++\c++inclass\inclass\inclass\debug\vc141.idb
s:\大三下\c++\c++inclass\inclass\inclass\debug\stl.obj
s:\大三下\c++\c++inclass\inclass\inclass\debug\source.obj
s:\大三下\c++\c++inclass\inclass\inclass\debug\lecture8.obj
s:\大三下\c++\c++inclass\inclass\inclass\debug\lecture7.obj
s:\大三下\c++\c++inclass\inclass\inclass\debug\test.obj
s:\大三下\c++\c++inclass\inclass\inclass\debug\lecture9.obj
s:\大三下\c++\c++inclass\inclass\inclass\debug\neweast.obj
s:\大三下\c++\c++inclass\inclass\inclass\debug\lecture12.obj
s:\大三下\c++\c++inclass\inclass\debug\inclass.exe
s:\大三下\c++\c++inclass\inclass\debug\inclass.ilk
s:\大三下\c++\c++inclass\inclass\debug\inclass.pdb
s:\大三下\c++\c++inclass\inclass\inclass\debug\lecture7.obj.enc
s:\大三下\c++\c++inclass\inclass\inclass\debug\lecture9.obj.enc
s:\大三下\c++\c++inclass\inclass\inclass\debug\inclass.tlog\cl.command.1.tlog
s:\大三下\c++\c++inclass\inclass\inclass\debug\inclass.tlog\cl.read.1.tlog
s:\大三下\c++\c++inclass\inclass\inclass\debug\inclass.tlog\cl.write.1.tlog
s:\大三下\c++\c++inclass\inclass\inclass\debug\inclass.tlog\link-cvtres.read.1.tlog
s:\大三下\c++\c++inclass\inclass\inclass\debug\inclass.tlog\link-cvtres.write.1.tlog
s:\大三下\c++\c++inclass\inclass\inclass\debug\inclass.tlog\link-rc.read.1.tlog
s:\大三下\c++\c++inclass\inclass\inclass\debug\inclass.tlog\link-rc.write.1.tlog
s:\大三下\c++\c++inclass\inclass\inclass\debug\inclass.tlog\link.1304-cvtres.read.1.tlog
s:\大三下\c++\c++inclass\inclass\inclass\debug\inclass.tlog\link.1304-cvtres.write.1.tlog
s:\大三下\c++\c++inclass\inclass\inclass\debug\inclass.tlog\link.1304-rc.read.1.tlog
s:\大三下\c++\c++inclass\inclass\inclass\debug\inclass.tlog\link.1304-rc.write.1.tlog
s:\大三下\c++\c++inclass\inclass\inclass\debug\inclass.tlog\link.1304.read.1.tlog
s:\大三下\c++\c++inclass\inclass\inclass\debug\inclass.tlog\link.1304.write.1.tlog
s:\大三下\c++\c++inclass\inclass\inclass\debug\inclass.tlog\link.command.1.tlog
s:\大三下\c++\c++inclass\inclass\inclass\debug\inclass.tlog\link.read.1.tlog
s:\大三下\c++\c++inclass\inclass\inclass\debug\inclass.tlog\link.write.1.tlog
